{"C:\\Users\\nickg\\.vscode\\cf6_jsc\\node1\\products\\index.js": {"path":"C:\\Users\\nickg\\.vscode\\cf6_jsc\\node1\\products\\index.js","statementMap":{"0":{"start":{"line":1,"column":16},"end":{"line":1,"column":34}},"1":{"start":{"line":2,"column":12},"end":{"line":2,"column":21}},"2":{"start":{"line":3,"column":13},"end":{"line":3,"column":17}},"3":{"start":{"line":5,"column":17},"end":{"line":5,"column":36}},"4":{"start":{"line":7,"column":18},"end":{"line":7,"column":47}},"5":{"start":{"line":8,"column":24},"end":{"line":8,"column":44}},"6":{"start":{"line":9,"column":13},"end":{"line":9,"column":28}},"7":{"start":{"line":11,"column":0},"end":{"line":15,"column":2}},"8":{"start":{"line":18,"column":0},"end":{"line":18,"column":24}},"9":{"start":{"line":19,"column":0},"end":{"line":19,"column":48}},"10":{"start":{"line":21,"column":0},"end":{"line":21,"column":38}},"11":{"start":{"line":23,"column":0},"end":{"line":30,"column":2}},"12":{"start":{"line":25,"column":4},"end":{"line":25,"column":53}},"13":{"start":{"line":28,"column":4},"end":{"line":28,"column":48}},"14":{"start":{"line":32,"column":13},"end":{"line":32,"column":44}},"15":{"start":{"line":33,"column":20},"end":{"line":33,"column":59}},"16":{"start":{"line":35,"column":0},"end":{"line":35,"column":28}},"17":{"start":{"line":37,"column":0},"end":{"line":37,"column":42}},"18":{"start":{"line":39,"column":0},"end":{"line":39,"column":80}},"19":{"start":{"line":41,"column":0},"end":{"line":43,"column":3}},"20":{"start":{"line":42,"column":2},"end":{"line":42,"column":45}},"21":{"start":{"line":45,"column":0},"end":{"line":45,"column":21}}},"fnMap":{"0":{"name":"(anonymous_0)","decl":{"start":{"line":24,"column":2},"end":{"line":24,"column":3}},"loc":{"start":{"line":24,"column":8},"end":{"line":26,"column":3}},"line":24},"1":{"name":"(anonymous_1)","decl":{"start":{"line":27,"column":2},"end":{"line":27,"column":3}},"loc":{"start":{"line":27,"column":11},"end":{"line":29,"column":3}},"line":27},"2":{"name":"(anonymous_2)","decl":{"start":{"line":41,"column":17},"end":{"line":41,"column":18}},"loc":{"start":{"line":41,"column":23},"end":{"line":43,"column":1}},"line":41}},"branchMap":{},"s":{"0":1,"1":1,"2":1,"3":1,"4":1,"5":1,"6":1,"7":1,"8":1,"9":1,"10":1,"11":1,"12":1,"13":0,"14":1,"15":1,"16":1,"17":1,"18":1,"19":1,"20":1,"21":1},"f":{"0":1,"1":0,"2":1},"b":{},"_coverageSchema":"1a1c01bbd47fc00a2c39e90264f33305004495a9","hash":"ed6d2da3659233e1f2e612dd1b5df3aca99791c6"}
,"C:\\Users\\nickg\\.vscode\\cf6_jsc\\node1\\products\\swagger.js": {"path":"C:\\Users\\nickg\\.vscode\\cf6_jsc\\node1\\products\\swagger.js","statementMap":{"0":{"start":{"line":1,"column":12},"end":{"line":1,"column":42}},"1":{"start":{"line":2,"column":13},"end":{"line":2,"column":43}},"2":{"start":{"line":4,"column":0},"end":{"line":351,"column":1}}},"fnMap":{},"branchMap":{},"s":{"0":1,"1":1,"2":1},"f":{},"b":{},"_coverageSchema":"1a1c01bbd47fc00a2c39e90264f33305004495a9","hash":"939d83ad1d32e5e5fc45163d61a5029e7a66bea0"}
,"C:\\Users\\nickg\\.vscode\\cf6_jsc\\node1\\products\\controllers\\user.controller.js": {"path":"C:\\Users\\nickg\\.vscode\\cf6_jsc\\node1\\products\\controllers\\user.controller.js","statementMap":{"0":{"start":{"line":1,"column":13},"end":{"line":1,"column":44}},"1":{"start":{"line":4,"column":0},"end":{"line":15,"column":2}},"2":{"start":{"line":5,"column":2},"end":{"line":5,"column":32}},"3":{"start":{"line":7,"column":2},"end":{"line":14,"column":3}},"4":{"start":{"line":8,"column":19},"end":{"line":8,"column":36}},"5":{"start":{"line":11,"column":4},"end":{"line":11,"column":45}},"6":{"start":{"line":13,"column":4},"end":{"line":13,"column":43}},"7":{"start":{"line":17,"column":0},"end":{"line":27,"column":2}},"8":{"start":{"line":18,"column":19},"end":{"line":18,"column":38}},"9":{"start":{"line":19,"column":2},"end":{"line":19,"column":52}},"10":{"start":{"line":21,"column":2},"end":{"line":26,"column":3}},"11":{"start":{"line":22,"column":19},"end":{"line":22,"column":61}},"12":{"start":{"line":23,"column":4},"end":{"line":23,"column":45}},"13":{"start":{"line":25,"column":4},"end":{"line":25,"column":43}},"14":{"start":{"line":29,"column":0},"end":{"line":50,"column":2}},"15":{"start":{"line":30,"column":18},"end":{"line":40,"column":4}},"16":{"start":{"line":42,"column":2},"end":{"line":42,"column":62}},"17":{"start":{"line":44,"column":2},"end":{"line":49,"column":3}},"18":{"start":{"line":45,"column":19},"end":{"line":45,"column":39}},"19":{"start":{"line":46,"column":4},"end":{"line":46,"column":45}},"20":{"start":{"line":48,"column":4},"end":{"line":48,"column":43}},"21":{"start":{"line":52,"column":0},"end":{"line":75,"column":2}},"22":{"start":{"line":53,"column":19},"end":{"line":53,"column":38}},"23":{"start":{"line":54,"column":2},"end":{"line":54,"column":54}},"24":{"start":{"line":56,"column":21},"end":{"line":64,"column":3}},"25":{"start":{"line":66,"column":2},"end":{"line":74,"column":3}},"26":{"start":{"line":67,"column":19},"end":{"line":70,"column":5}},"27":{"start":{"line":71,"column":4},"end":{"line":71,"column":45}},"28":{"start":{"line":73,"column":4},"end":{"line":73,"column":43}},"29":{"start":{"line":77,"column":0},"end":{"line":88,"column":2}},"30":{"start":{"line":78,"column":19},"end":{"line":78,"column":38}},"31":{"start":{"line":80,"column":2},"end":{"line":80,"column":53}},"32":{"start":{"line":82,"column":2},"end":{"line":87,"column":3}},"33":{"start":{"line":83,"column":19},"end":{"line":83,"column":70}},"34":{"start":{"line":84,"column":4},"end":{"line":84,"column":45}},"35":{"start":{"line":86,"column":4},"end":{"line":86,"column":46}}},"fnMap":{"0":{"name":"(anonymous_0)","decl":{"start":{"line":4,"column":18},"end":{"line":4,"column":19}},"loc":{"start":{"line":4,"column":38},"end":{"line":15,"column":1}},"line":4},"1":{"name":"(anonymous_1)","decl":{"start":{"line":17,"column":18},"end":{"line":17,"column":19}},"loc":{"start":{"line":17,"column":38},"end":{"line":27,"column":1}},"line":17},"2":{"name":"(anonymous_2)","decl":{"start":{"line":29,"column":17},"end":{"line":29,"column":18}},"loc":{"start":{"line":29,"column":37},"end":{"line":50,"column":1}},"line":29},"3":{"name":"(anonymous_3)","decl":{"start":{"line":52,"column":17},"end":{"line":52,"column":18}},"loc":{"start":{"line":52,"column":37},"end":{"line":75,"column":1}},"line":52},"4":{"name":"(anonymous_4)","decl":{"start":{"line":77,"column":17},"end":{"line":77,"column":18}},"loc":{"start":{"line":77,"column":37},"end":{"line":88,"column":1}},"line":77}},"branchMap":{},"s":{"0":1,"1":1,"2":1,"3":1,"4":1,"5":1,"6":0,"7":1,"8":1,"9":1,"10":1,"11":1,"12":1,"13":0,"14":1,"15":1,"16":1,"17":1,"18":1,"19":1,"20":0,"21":1,"22":0,"23":0,"24":0,"25":0,"26":0,"27":0,"28":0,"29":1,"30":1,"31":1,"32":1,"33":1,"34":1,"35":0},"f":{"0":1,"1":1,"2":1,"3":0,"4":1},"b":{},"_coverageSchema":"1a1c01bbd47fc00a2c39e90264f33305004495a9","hash":"9e39b3259c690f8ed6ea7807f7ed2382f5a73cd0"}
,"C:\\Users\\nickg\\.vscode\\cf6_jsc\\node1\\products\\controllers\\user.product.controller.js": {"path":"C:\\Users\\nickg\\.vscode\\cf6_jsc\\node1\\products\\controllers\\user.product.controller.js","statementMap":{"0":{"start":{"line":1,"column":13},"end":{"line":1,"column":44}},"1":{"start":{"line":3,"column":0},"end":{"line":12,"column":2}},"2":{"start":{"line":4,"column":2},"end":{"line":4,"column":41}},"3":{"start":{"line":6,"column":2},"end":{"line":11,"column":3}},"4":{"start":{"line":7,"column":19},"end":{"line":7,"column":76}},"5":{"start":{"line":8,"column":4},"end":{"line":8,"column":45}},"6":{"start":{"line":10,"column":4},"end":{"line":10,"column":43}},"7":{"start":{"line":14,"column":0},"end":{"line":27,"column":2}},"8":{"start":{"line":15,"column":19},"end":{"line":15,"column":38}},"9":{"start":{"line":16,"column":2},"end":{"line":16,"column":50}},"10":{"start":{"line":18,"column":2},"end":{"line":26,"column":3}},"11":{"start":{"line":19,"column":19},"end":{"line":22,"column":5}},"12":{"start":{"line":23,"column":4},"end":{"line":23,"column":45}},"13":{"start":{"line":25,"column":4},"end":{"line":25,"column":43}},"14":{"start":{"line":29,"column":0},"end":{"line":48,"column":2}},"15":{"start":{"line":30,"column":19},"end":{"line":30,"column":38}},"16":{"start":{"line":31,"column":19},"end":{"line":31,"column":36}},"17":{"start":{"line":33,"column":2},"end":{"line":33,"column":51}},"18":{"start":{"line":35,"column":2},"end":{"line":47,"column":3}},"19":{"start":{"line":36,"column":19},"end":{"line":43,"column":5}},"20":{"start":{"line":44,"column":4},"end":{"line":44,"column":45}},"21":{"start":{"line":46,"column":4},"end":{"line":46,"column":43}},"22":{"start":{"line":50,"column":0},"end":{"line":71,"column":2}},"23":{"start":{"line":51,"column":19},"end":{"line":51,"column":38}},"24":{"start":{"line":52,"column":21},"end":{"line":52,"column":34}},"25":{"start":{"line":53,"column":27},"end":{"line":53,"column":52}},"26":{"start":{"line":55,"column":2},"end":{"line":55,"column":60}},"27":{"start":{"line":57,"column":2},"end":{"line":70,"column":3}},"28":{"start":{"line":58,"column":19},"end":{"line":65,"column":5}},"29":{"start":{"line":67,"column":4},"end":{"line":67,"column":45}},"30":{"start":{"line":69,"column":4},"end":{"line":69,"column":43}},"31":{"start":{"line":73,"column":0},"end":{"line":92,"column":2}},"32":{"start":{"line":74,"column":19},"end":{"line":74,"column":38}},"33":{"start":{"line":75,"column":21},"end":{"line":75,"column":34}},"34":{"start":{"line":77,"column":2},"end":{"line":77,"column":52}},"35":{"start":{"line":79,"column":2},"end":{"line":91,"column":3}},"36":{"start":{"line":80,"column":19},"end":{"line":87,"column":5}},"37":{"start":{"line":88,"column":4},"end":{"line":88,"column":45}},"38":{"start":{"line":90,"column":4},"end":{"line":90,"column":42}},"39":{"start":{"line":94,"column":0},"end":{"line":131,"column":1}},"40":{"start":{"line":95,"column":2},"end":{"line":95,"column":57}},"41":{"start":{"line":97,"column":2},"end":{"line":130,"column":3}},"42":{"start":{"line":98,"column":19},"end":{"line":126,"column":6}},"43":{"start":{"line":127,"column":4},"end":{"line":127,"column":42}},"44":{"start":{"line":129,"column":4},"end":{"line":129,"column":40}},"45":{"start":{"line":133,"column":0},"end":{"line":163,"column":1}},"46":{"start":{"line":134,"column":2},"end":{"line":134,"column":57}},"47":{"start":{"line":135,"column":2},"end":{"line":162,"column":3}},"48":{"start":{"line":136,"column":19},"end":{"line":157,"column":6}},"49":{"start":{"line":158,"column":4},"end":{"line":158,"column":42}},"50":{"start":{"line":160,"column":4},"end":{"line":160,"column":40}}},"fnMap":{"0":{"name":"(anonymous_0)","decl":{"start":{"line":3,"column":28},"end":{"line":3,"column":29}},"loc":{"start":{"line":3,"column":48},"end":{"line":12,"column":1}},"line":3},"1":{"name":"(anonymous_1)","decl":{"start":{"line":14,"column":27},"end":{"line":14,"column":28}},"loc":{"start":{"line":14,"column":47},"end":{"line":27,"column":1}},"line":14},"2":{"name":"(anonymous_2)","decl":{"start":{"line":29,"column":28},"end":{"line":29,"column":29}},"loc":{"start":{"line":29,"column":48},"end":{"line":48,"column":1}},"line":29},"3":{"name":"(anonymous_3)","decl":{"start":{"line":50,"column":28},"end":{"line":50,"column":29}},"loc":{"start":{"line":50,"column":48},"end":{"line":71,"column":1}},"line":50},"4":{"name":"(anonymous_4)","decl":{"start":{"line":73,"column":28},"end":{"line":73,"column":29}},"loc":{"start":{"line":73,"column":48},"end":{"line":92,"column":1}},"line":73},"5":{"name":"(anonymous_5)","decl":{"start":{"line":94,"column":17},"end":{"line":94,"column":18}},"loc":{"start":{"line":94,"column":36},"end":{"line":131,"column":1}},"line":94},"6":{"name":"(anonymous_6)","decl":{"start":{"line":133,"column":17},"end":{"line":133,"column":18}},"loc":{"start":{"line":133,"column":36},"end":{"line":163,"column":1}},"line":133}},"branchMap":{},"s":{"0":1,"1":1,"2":0,"3":0,"4":0,"5":0,"6":0,"7":1,"8":0,"9":0,"10":0,"11":0,"12":0,"13":0,"14":1,"15":0,"16":0,"17":0,"18":0,"19":0,"20":0,"21":0,"22":1,"23":0,"24":0,"25":0,"26":0,"27":0,"28":0,"29":0,"30":0,"31":1,"32":0,"33":0,"34":0,"35":0,"36":0,"37":0,"38":0,"39":1,"40":0,"41":0,"42":0,"43":0,"44":0,"45":1,"46":0,"47":0,"48":0,"49":0,"50":0},"f":{"0":0,"1":0,"2":0,"3":0,"4":0,"5":0,"6":0},"b":{},"_coverageSchema":"1a1c01bbd47fc00a2c39e90264f33305004495a9","hash":"21f282e9dd7a0cf5ee09c3e9c8cfb1328324afcf"}
,"C:\\Users\\nickg\\.vscode\\cf6_jsc\\node1\\products\\models\\user.model.js": {"path":"C:\\Users\\nickg\\.vscode\\cf6_jsc\\node1\\products\\models\\user.model.js","statementMap":{"0":{"start":{"line":1,"column":17},"end":{"line":1,"column":36}},"1":{"start":{"line":2,"column":24},"end":{"line":2,"column":60}},"2":{"start":{"line":4,"column":15},"end":{"line":4,"column":30}},"3":{"start":{"line":6,"column":19},"end":{"line":12,"column":1}},"4":{"start":{"line":14,"column":18},"end":{"line":20,"column":1}},"5":{"start":{"line":22,"column":20},"end":{"line":27,"column":2}},"6":{"start":{"line":29,"column":17},"end":{"line":74,"column":1}},"7":{"start":{"line":76,"column":0},"end":{"line":76,"column":35}},"8":{"start":{"line":78,"column":0},"end":{"line":78,"column":52}}},"fnMap":{},"branchMap":{},"s":{"0":1,"1":1,"2":1,"3":1,"4":1,"5":1,"6":1,"7":1,"8":1},"f":{},"b":{},"_coverageSchema":"1a1c01bbd47fc00a2c39e90264f33305004495a9","hash":"aca31790cb130d9742e2316b785a5e93cc38d6d0"}
,"C:\\Users\\nickg\\.vscode\\cf6_jsc\\node1\\products\\routes\\user.product.routes.js": {"path":"C:\\Users\\nickg\\.vscode\\cf6_jsc\\node1\\products\\routes\\user.product.routes.js","statementMap":{"0":{"start":{"line":1,"column":16},"end":{"line":1,"column":34}},"1":{"start":{"line":2,"column":15},"end":{"line":2,"column":31}},"2":{"start":{"line":4,"column":30},"end":{"line":4,"column":79}},"3":{"start":{"line":6,"column":0},"end":{"line":6,"column":71}},"4":{"start":{"line":7,"column":0},"end":{"line":7,"column":74}},"5":{"start":{"line":8,"column":0},"end":{"line":8,"column":76}},"6":{"start":{"line":9,"column":0},"end":{"line":9,"column":80}},"7":{"start":{"line":10,"column":0},"end":{"line":10,"column":81}},"8":{"start":{"line":12,"column":0},"end":{"line":12,"column":52}},"9":{"start":{"line":13,"column":0},"end":{"line":13,"column":62}},"10":{"start":{"line":15,"column":0},"end":{"line":15,"column":24}}},"fnMap":{},"branchMap":{},"s":{"0":1,"1":1,"2":1,"3":1,"4":1,"5":1,"6":1,"7":1,"8":1,"9":1,"10":1},"f":{},"b":{},"_coverageSchema":"1a1c01bbd47fc00a2c39e90264f33305004495a9","hash":"34971858de0ab4b9c568ad68d1eb6be2d4283291"}
,"C:\\Users\\nickg\\.vscode\\cf6_jsc\\node1\\products\\routes\\user.routes.js": {"path":"C:\\Users\\nickg\\.vscode\\cf6_jsc\\node1\\products\\routes\\user.routes.js","statementMap":{"0":{"start":{"line":1,"column":16},"end":{"line":1,"column":35}},"1":{"start":{"line":2,"column":15},"end":{"line":2,"column":31}},"2":{"start":{"line":4,"column":23},"end":{"line":4,"column":64}},"3":{"start":{"line":6,"column":0},"end":{"line":6,"column":39}},"4":{"start":{"line":7,"column":0},"end":{"line":7,"column":49}},"5":{"start":{"line":8,"column":0},"end":{"line":8,"column":40}},"6":{"start":{"line":9,"column":0},"end":{"line":9,"column":50}},"7":{"start":{"line":10,"column":0},"end":{"line":10,"column":51}},"8":{"start":{"line":13,"column":0},"end":{"line":13,"column":24}}},"fnMap":{},"branchMap":{},"s":{"0":1,"1":1,"2":1,"3":1,"4":1,"5":1,"6":1,"7":1,"8":1},"f":{},"b":{},"_coverageSchema":"1a1c01bbd47fc00a2c39e90264f33305004495a9","hash":"904d66a7a87e62b97ca5343e4f284be7b3ad84e5"}
,"C:\\Users\\nickg\\.vscode\\cf6_jsc\\node1\\products\\services\\user.service.js": {"path":"C:\\Users\\nickg\\.vscode\\cf6_jsc\\node1\\products\\services\\user.service.js","statementMap":{"0":{"start":{"line":1,"column":13},"end":{"line":1,"column":44}},"1":{"start":{"line":4,"column":2},"end":{"line":4,"column":41}},"2":{"start":{"line":6,"column":2},"end":{"line":11,"column":3}},"3":{"start":{"line":7,"column":19},"end":{"line":7,"column":65}},"4":{"start":{"line":8,"column":4},"end":{"line":8,"column":21}},"5":{"start":{"line":10,"column":4},"end":{"line":10,"column":57}},"6":{"start":{"line":14,"column":0},"end":{"line":14,"column":42}}},"fnMap":{"0":{"name":"findLastInsertedUser","decl":{"start":{"line":3,"column":15},"end":{"line":3,"column":35}},"loc":{"start":{"line":3,"column":38},"end":{"line":12,"column":1}},"line":3}},"branchMap":{},"s":{"0":1,"1":2,"2":2,"3":2,"4":2,"5":0,"6":1},"f":{"0":2},"b":{},"_coverageSchema":"1a1c01bbd47fc00a2c39e90264f33305004495a9","hash":"8e79ebee84e8832262559f817fa97ff538a69e20"}
}
